-----------------------------------------
24.08.2021 06:15:56 Скрипт запущен

1.ИНН не найден: 381500638 УЗ ДОНГ ЖУ ПЕТИНГ ст АНДИЖАН
2.ИНН не найден: 371500680 НЕФТЕГАЗМАХСУСКУРИЛИШ
3.ИНН не найден: 200340206 КУМ-КУРГАН НЕФТЕБАЗА
4.ИНН не найден: 37150755 ООО БУНЕДКОР МЕРОС
5.ИНН не найден: 205592009 БОЛДЫР НЕФТЕБАЗА
6.ИНН не найден: 371500637 ОАО УЗБЕКГЕОФИЗИКА ст БУХАРА 2
7.ИНН не найден: 371500705 КАШКАДАРЕ ТЕХНОЛОГИК ТРАНСПОРТ ст КАШКАДАРЕ
8.ИНН не найден: 895465478 ХОРАЗМПАХТАТРАНС ММТП ст УРГЕНЧ
9.ИНН не найден: 371500774 ДП PGU-TOPALANG ст ДЕНАУ
10.ИНН не найден: 11111112 Мирзабоев Мухаммаджон Расулович
11.ИНН не найден: 40 718QAA МИРЗАБОЕВ МУХАММАДЖОН
12.ИНН не найден: 40 723QAA САМИЕВА САДОКАТ АБДУСАТОРОВНА
13.ИНН не найден: 40 784QAA САИДОВ АДХАМ ИБРАГИМОВИЧ
14.ИНН не найден: 40 918SAA АБДУЛЛАЕВ РУСТАМ КУРБАНОВИЧ
15.ИНН не найден: 403581АА МАДАМИНОВ БАХРОМЖОН ОДИЛЖОН УГЛИ
16.ИНН не найден: 40 4802АА ТУХТАБОЕ ШАВКАТЖОН МАХАМАДЖОНОВИЧ
17.ИНН не найден: 40 3220АА КОМИЛОВ ХАЙРУЛЛО ШОРАПОВИЧ
18.ИНН не найден: 40 4380АА ХОЛМАТОВ НИЗОМИДДИН АЛИЖОНОВИЧ
19.ИНН не найден: 40 4320АА АШУРОВ РАВШАН БЕРДАЛИЕВИЧ
20.ИНН не найден: 40 3799АА ПАРМОНОВ ЗОКИРЖОН
21.ИНН не найден: 40 5932АА АХУНЖОНОВ АБДУРАХМАОН АБДУРАЗАКОВИЧ
22.ИНН не найден: 40 5933АА СОТВОЛДИЕВ ШОХРУХ ШАВКАТЖОН УГЛИ
23.ИНН не найден: 40 5934АА ШОКИРОВ ХАСАНБОЙ
24.ИНН не найден: 40 3452АА ГАНИЕВ АЛИШЕР АБДУВАХАБОВИЧ
25.ИНН не найден: 40 2918АА КОМИЛОВ САЙДУЛЛО ШАРАПОВИЧ
26.ИНН не найден: 40 3586АА ХОДЖАМКУЛОВ ФАРХОД
27.ИНН не найден: 40 3455АА МУМИНОВ КУРБОНАЛИ КОБИЛЖОН УГЛИ
28.ИНН не найден: 40 3460АА АКБАРОВ АВАЗБЕК АБДУЛАТИФ УГЛИ
29.ИНН не найден: 40 2721АА НАЖМИТДИНОВ КАХРАМОН ГУЛОМОВИЧ
30.ИНН не найден: 40 2816АА КУДРАТОВ УЛУГБЕК ЖАЛОЛДИНОВИЧ
31.ИНН не найден: 40 2729АА ТУРСУНОВ ОЙБЕК АБДУРАСУЛОВИЧ
32.ИНН не найден: 40 3593АА МЕЛИБОЕВ КОБУЛ МУМИНОВИЧ
33.ИНН не найден: 40 501QAA ибрагимов рустамжон хошимович
34.ИНН не найден: 40 423QAA САЛАТДИНОВ АВАЗБЕК ФАЗЛИТДИНОВИЧ
35.ИНН не найден: 40 592QAA СОДИКОВ ЖАББОРАЛИ ЭРАЛИЕВИЧ
36.ИНН не найден: 40 826UAA НИШАНБАЕВ МУРОД СУЛТАНОВИЧ
37.ИНН не найден: 361500907 ЭФЕКТИВ ОИЛ МЧЖ
38.ИНН не найден: 456325478 АЙРАТАМ НЕФТЕБАЗА филиал
39.ИНН не найден: 20014595. ВОДИЙГАЗКУРИЛИШ-ЛОЙИХАЛАШ
40.ИНН не найден: 124532145 ОАО АПАРТАК ст АНГРЕН
41.ИНН не найден: 987569875 ОАО УЗПАРТАЪМИНОТ ПРУ-3
42.ИНН не найден: 954565446 НАВОИЙ КФУК
43.ИНН не найден: 654563254 ХОРАЗМГАЗКУРИЛИШМОНТАЖ
44.ИНН не найден: 545213256 ХОРАЗМГАЗКУРИЛИШМОНТАЖ сТ УРГЕНЧ
45.ИНН не найден: 569854785 ЯЛПИ " ГЕОЛОГИК ТАСВИРЛАШ ИШЛАРИ" ЭКС-ЯСИ ст КАНИМЕХ
46.ИНН не найден: 965874587 УЧ-КУДУК НЕФТЕБАЗА филиал
47.ИНН не найден: 554563214 ГОЛДЕН ОИЛ ст САМАРКАНД
48.ИНН не найден: 563212545 "КАТТА КУРГАН ЁГ МОЙ" АОЖ ст КАТТА КУРГАН
49.ИНН не найден: 565254878 АО"ДЖЕНЕРАЛ МОТОРС УЗБЕКИСТАН"
50.ИНН не найден: 542123655 Капитал руббер технолоджи МЧЖ
51.ИНН не найден: 542333333 ПЛЮС ЛЮКС ОЙЛ
52.ИНН не найден: 202199588 Хоз.суд КАШКАДАРЁ
53.ИНН не найден: 542111111 ФЕРГАНА  АКБАРШОХ СЕРВИС Х/К
54.ИНН не найден: 667130058 ООО ИЗДАТЕЛЬСТВО МЕДИА - БИЗНЕС
55.ИНН не найден: 654212325 ДИЗЕЛ ГРАНД ФАЙЗ МЧЖ
56.ИНН не найден: 956548545 УЧ КУРГАН ЕГ ОАЖ ст УЧ КУРГАН
57.ИНН не найден: 659548545 УЗ ТОНГ ХОН КО ст АССАКЕ
58.ИНН не найден: 20018283. РИШТОН 2-СОНЛИ ДАВЛАТ НОТАРИАЛ ИДОРАСИ
59.ИНН не найден: 745137924 ООО НПО ХИМАНАЛИТПРИБОР
60.ИНН не найден: 761500708 ЛОК БУЕК СЕРВИС ст ХАМЗА
61.ИНН не найден: 371500665 ТОШКЕНТ МЕХАНИКА ЗАВОДИ ст ТАШКЕНТ
62.ИНН не найден: 235456874 ОАО НЕФТЕГАЗМОНТАЖ ст КУНГИРОТ
63.ИНН не найден: 653245878 КИЗИЛ ТЕПА НЕФТЕБАЗА филиал
64.ИНН не найден: 956487898 УЯ 64/47 ст КИЗИЛ ТЕПА
65.ИНН не найден: 123654564 ТУРОН МПП
66.ИНН не найден: 565656545 ДЖАРКУРГАН ТТ ВА БШК
67.ИНН не найден: 200000001 Олтиарик взаиморасчеты с населением
68.ИНН не найден: 656489978 ОАО УЗБЕКГЕОФИЗИКА ст ТАХИАТАШ ПРИСТ
69.ИНН не найден: 123656235 ТУРОН ХОДЖЕЙЛИ ст ТАХИАТАШ ПРИСТАНЬ
70.ИНН не найден: 200138716 КАФОЛАТ СУҒУРТА КОМПАНИЯСИ МАРҒИЛОН
71.ИНН не найден: 201325412 Гишт 75 ДУК
72.ИНН не найден: 205634211 Ш.Рашидов ТЙФУК
73.ИНН не найден: 203214511 ХОРАЗМ ЙУЛ КУРИЛИШ
74.ИНН не найден: 203654124 Фергана Фортуна Атлантика
75.ИНН не найден: 201452332 Жиззах КФУК
76.ИНН не найден: 202145362 Янгиобод ТАЙФУК
77.ИНН не найден: 203164512 Бахмал ТАЙФУК
78.ИНН не найден: 409705188 Ахунова Тамара Ивановна
79.ИНН не найден: 203365411 Фергана Гидроизол.материал заводи
80.ИНН не найден: 203541241 Хаваст ТЙФУК
81.ИНН не найден: 502242514 УРМОНОВ УМИДЖОН
82.ИНН не найден: 502242672 УРМОНОВ АКМАЛ
83.ИНН не найден: 203644155 Когон ег-экстракция заводи
84.ИНН не найден: 205132465 Ег Гар  АЖ
85.ИНН не найден: 2006261-- АК Узтрансгаз(Поп филиали)
86.ИНН не найден: 2006261** АК Узтрансгаз(Ангрен филиали)
87.ИНН не найден: 388586 OREGON CAPITAL LP
88.ИНН не найден: 203461245 БОЕВУТ  ТЙФУК
89.ИНН не найден: 205413621 To'polong NPD Water Construction
90.ИНН не найден: 6436188 КАМОЛИДДИНОВ ШУХРАТ АМИНОВИЧ
91.ИНН не найден: э61500821 СП Ийгилик газ
92.ИНН не найден: CH-1211 GREENFELD INTERVEST LTD
93.ИНН не найден: AIZKLV22 Akrion Ltd companu 51-э
94.ИНН не найден: AZKLV22 GENSER LTD/E 00237
95.ИНН не найден: PARXLV22 HASTON TRADE LTD E/00208
96.ИНН не найден: BKTR-US3 WINSFORD TRADING LLC
97.ИНН не найден: 2222222 Элликкалъа ООО Нефтегазмонтаж
98.ИНН не найден: BKCHCNBJ7 Xinjiang Kuitun New West Asia Pet Co Lt E00833
99.ИНН не найден: TRSAUZ22 ИП ARGROIL LTD E00072
100.ИНН не найден: TRSAUZ22 ИП ARGROIL LTD T00111
101.ИНН не найден: SWIFT CBTK OOO Uztadbirkoreksport -I SA UZTE-1/14Д48
102.ИНН не найден: 256478544 "Нефтегазстройремонт" пр-во №6
103.ИНН не найден: 598745214 "Узнефтегазкудуктаъмирлаш"
104.ИНН не найден: 30014818. AVTOSOZLASH-SINOV
105.ИНН не найден: 654749557 "Махсусюктранс" ст.Аблык
106.ИНН не найден: 549445755 Хатирчи нефтебаза
107.ИНН не найден: 319267000 Алтыарик хлебоприемное предприятие
108.ИНН не найден: 305253713 ООО МУТАБАР ЗАМИНДАГИ ТАНТАНА
109.ИНН не найден: 111154545 СИРДАРЁ НЕФТЕБАЗА филиал
110.ИНН не найден: 665658454 ДП "УРТА ОСИЁ ТРАНС ШАРК" Ст. СЕРГЕЛИ
111.ИНН не найден: 115154645 ХАЛКАБАД ДИРЕКЦИЯ
112.ИНН не найден: 303303300 ЧУСТ НЕФТЕБАЗА филиал
113.ИНН не найден: 330330151 ПАП НЕФТЕБАЗА филиал
114.ИНН не найден: 303315545 УЧКУРГАН НЕФТЕБАЗА филиал
115.ИНН не найден: 61800092 ТОО КАЗАХОЙЛ  АКТОБЕ
116.ИНН не найден: 1335478 ФУРКАТ НЕФТЕБАЗА филиал
117.ИНН не найден: 5874694 Фирдавс Умид МЧЖ
118.ИНН не найден: 1587469 КУВА  филиал
119.ИНН не найден: 56325874 Алтыарик филиал
120.ИНН не найден: 848484848 АСАКА НЕФТЕБАЗА
121.ИНН не найден: 252525255 ШАХРИХАН  нефтебаза филиал
122.ИНН не найден: 845747854 БЕКОБОД НЕФТЕБАЗА   ФИЛИАЛ
123.ИНН не найден: 262626265 ПАЙТУГ  НЕФТЕБАЗА  филиал
124.ИНН не найден: 272727272 НОВОКОКАНДСКАЯ  НЕФТЕБАЗА
125.ИНН не найден: 200460223 УЗБЕКИСТОН МЕТКОМБИНАТ  ст. БЕКАБАД
126.ИНН не найден: 202328795 ОАО АЛМАЛЫКСКИЙ ГОРНОМЕТАЛ.  КОМБИНАТ ст.АХАН-ГАРАН
127.ИНН не найден: 204583139 СКЛАД ТОПЛИВО ст. КОКАНД-1
128.ИНН не найден: 204583140 СКЛАД ТОПЛИВО ст.ТАШКЕНТ ТОВАРНЫЙ
129.ИНН не найден: 204583141 АФРОСИЕБ БУЛДИНГ ИНДУСТРИЯ
130.ИНН не найден: 204533141 ЗАО "АНГРЕН ЛОГИСТИКА МАРКАЗИ УП МАХСУСЮКТРАНС" ст АБЛЫК
131.ИНН не найден: 204533142 МАХСУСЮКТРАНС МЧЖ ст АБЛЫК
132.ИНН не найден: 204533145 АЛЕС ПОЛИЗОЛ СИНТЕЗ
133.ИНН не найден: 204533146 АНДИЖАН ЕГ МОЙ
134.ИНН не найден: 204533147 АНДИЖАН КАБЕЛЬ
135.ИНН не найден: 204533148 АНДИЖАН ХУДУДИЙ ЭЛ.ТАРМОКЛАРИ
136.ИНН не найден: 204533149 АО УЗБЕККУМИР
137.ИНН не найден: 204533151 БИНО МЧЖ
138.ИНН не найден: 204533152 БУЛДИНГ ГОЛД ИНТЕР ФАЙЗ МЧЖ ст МАРГИЛАН
139.ИНН не найден: 204533153 БУХАРАГАЗСАНОАТ КУРИЛИШ ст КАГАН
140.ИНН не найден: 204533154 БУХАРСКАЯ ЭЛЕКТРОСЕТЬ ст БУХАРА 2
141.ИНН не найден: 204533155 В/ЧАСТЬ 19648
142.ИНН не найден: 204533156 В/ЧАСТЬ 70812
143.ИНН не найден: 204583157 В/ЧАСТЬ 13919
144.ИНН не найден: 204583158 В/ЧАСТЬ 43119
145.ИНН не найден: 204353159 В/ЧАСТЬ 65413
146.ИНН не найден: 204353160 В/ЧАСТЬ 70812
147.ИНН не найден: 204533161 В/ЧАСТЬ  26134
148.ИНН не найден: 204533162 В/ЧАСТЬ 42277
149.ИНН не найден: 204533163 В/ЧАСТЬ 67681
150.ИНН не найден: 204533164 ГАЗЛИНСКИЙ УМГ
151.ИНН не найден: 204533165 ГАЛЛА АРАЛ УМГ
152.ИНН не найден: 204533166 ГИДРО СПЕЦ КРОВЛЕ МЧЖ
153.ИНН не найден: 204533168 ДЖЕНЕРАЛ МОТОРС УЗБЕКИСТАН
154.ИНН не найден: 644585544 НАВОИ ГМК
155.ИНН не найден: 544552542 НАМАНГАН ХТЭК ст НАМАНГАН
156.ИНН не найден: 445662489 НАВОИ САВДО МАХСУЛОТ ст АХУНБАБАЕВО
157.ИНН не найден: 454565899 ОАО ОХАНГАРОНЦЕМЕНТ
158.ИНН не найден: 658942574 ОАО ТАШКЕНТВИНО ст ЯНГИ ЙУЛ
159.ИНН не найден: 587954254 ОАО УЗБЕКГЕОФИЗИКА ст КАКИР
160.ИНН не найден: 689754445 ОАО УЗНЕФТЕГАЗКУДУКТАЪМИРЛАШ ст КАРАУЛ БАЗАР
161.ИНН не найден: 235478944 ОАО УЗБЕКХИММАШ ст ЧИРЧИК
162.ИНН не найден: 894523457 ОБЪЕДЕНЕНИЕ ТЕМИРЙУЛЁКИЛГИТАЪМИН ст АНГРЕН
163.ИНН не найден: 658745695 СП ООО МАХАМ УЗБЕКИСТАН
164.ИНН не найден: 214536547 ОИЛ ФИЕЛД МЧЖ ст АХУНБАБАЕВО
165.ИНН не найден: 426578954 ОПЕН РОАД ИНВЕСТ МЕНТС МЧЖ ст ЯЛАНГАЧ
166.ИНН не найден: 965428745 РАДО БИЗНЕС МЧЖ
167.ИНН не найден: 657495888 РАНГЛИ БУЁК ст САЛАР
168.ИНН не найден: 236554879 РУББЕР ПРОДУКТ МЧЖ
169.ИНН не найден: 584732544 РУДОУПРАВЛЕНИЕ №5 ст КАНИМЕХ
170.ИНН не найден: 235645788 САДР ГРАНД БИЗНЕС МЧЖ ст КОКАНД-1
171.ИНН не найден: 654257846 САХИЙ ХАМКОР МЧЖ
172.ИНН не найден: 748956324 СЕВЕРНОЕ РУДОУПРАВЛЕНИЕ
173.ИНН не найден: 653279845 ДП УРТАОСИЁ ТРАНС ШАРК
174.ИНН не найден: 124569879 СКЛАД ТОПЛИВО ст КАРШИ
175.ИНН не найден: 659879623 СКЛАД ТОПЛИВО ст КУНГИРАД
176.ИНН не найден: 698745864 СКЛАД ТОПЛИВО ст МИСКИН
177.ИНН не найден: 698457544 СКЛАД ТОПЛИВО ст САМАРКАНД
178.ИНН не найден: 653266577 СКЛАД ТОПЛИВО ст ТЕРМЕЗ
179.ИНН не найден: 659874256 СКЛАД ТОПЛИВО ст ТИНЧЛИК
180.ИНН не найден: 634879654 СКЛАД ТОПЛИВО ст УРГЕНЧ
181.ИНН не найден: 649875324 СКЛАД ТОПЛИВО ст УЧКУДУК
182.ИНН не найден: 798987787 СКЛАД ТОПЛИВО ст АНДИЖАН-1
183.ИНН не найден: 695554887 СКЛАД ТОПЛИВО ст БУХАРА-1
184.ИНН не найден: 456658793 СКЛАД ТОПЛИВО ст ДАРБАНД
185.ИНН не найден: 204533169 ДЖИЗЗАК ЭЛЕКТР ТАРМОКЛАРИ ОАЖ ст ДЖИЗЗАК
186.ИНН не найден: 204533171 ЗИЕ МЕГА КУРИЛИШ ст КИРГУЛИ
187.ИНН не найден: 204533172 ЗИРАБУЛАК МАГИСТРАЛ ГАЗ КУВИРЛАРИ БОШ ст ЗИРАБУЛАК
188.ИНН не найден: 204533173 ИЗОФЛЕКС КРОВЛИ ст ХУНБАБАЕВА
189.ИНН не найден: 204533175 КАГАН МЭЗ ст БУХАРА-1
190.ИНН не найден: 204533176 КАРАКАЛПАК ЭЛЕКТР ТАРМОКЛАРИ ст НУКУС
191.ИНН не найден: 204533177 МЧЖ ККРАСИТАС ст КАРАОЗЕК
192.ИНН не найден: 204533178 КАРШИ МАГИСТРАЛ КАНАЛ ФОИДАЛ.БОШКАРМАСИ ст ЖАЙРОН
193.ИНН не найден: 204533179 КАФОЛАТЛИ ТОМ ТАЪМИР СЕРВИС МЧЖ ст АХУНБАБАЕВА
194.ИНН не найден: 204533180 КАШКАДАРЬЯ ОАО "УЗПАРТАМИНОТ" ПРУ 2
195.ИНН не найден: 204533181 ХИСОРАКГИДРОКУРИЛИШ МЧЖ
196.ИНН не найден: 204533183 КОКАНД МЖК ст КОКАНД-1
197.ИНН не найден: 204533184 КОКАНД НГПИ КОРХОНАСИ ст КАКИР
198.ИНН не найден: 204533185 СКЛАД ТОПЛИВО КОКАНД ст ПАП
199.ИНН не найден: 204533186 КОНТИНЕНТ ЕГ-МОЙ ст ТИНЧЛИК
200.ИНН не найден: 204533187 КУЙЛУК АБЗ ст ХАМЗА
201.ИНН не найден: 204533188 МАГИСТРАЛ ГАЗ КУРУВЧИ ст ЗИРАБУЛАК
202.ИНН не найден: 204533189 МАКС КОЛОР МЧЖ ст МАРГИЛАН
203.ИНН не найден: 204533192 МУБАРЕК МАГИСТР.ГАЗКУВУРЛАРБОШКАРМАСИ ст СЕРНЫЙ З-Д
204.ИНН не найден: 204533193 МЧЖ КОРТ ст АХУНБАБАЕВА
205.ИНН не найден: 204533194 ФИРДАВС УМИД МЧЖ
206.ИНН не найден: 204533195 ФИШ ПЕТРОЛЕУМ МЧЖ
207.ИНН не найден: 204533196 ФОЛГОИЗОЛ КАФОЛАТ
208.ИНН не найден: 204533197 ФОРСАЖ ОИЛ
209.ИНН не найден: 204533198 ХОРАЗМ ХУДУДИЙ ЭЛЕКТР ТАРМОКЛАРИ ст УРГЕНЧ
210.ИНН не найден: 204533200 ЦЕНТР РУДОУПАВЛ. ст ЯНГИ ЗЕРАВШАН
211.ИНН не найден: 659987455 СКЛАД ТОПЛИВО ст ДЕХКОНОБОД
212.ИНН не найден: 634587945 СКЛАД ТОПЛИВО ст МАРГИЛАН
213.ИНН не найден: 569789545 СКЛАД ТОПЛИВО ст ХАВАСТ
214.ИНН не найден: 634879999 СП ООО ЛАМА СТАНДАРРТ ст ТАШКЕНТ ТОВАРНЫЙ
215.ИНН не найден: 652433568 СИРДАРЁ ИЭС ст ФАРХАД
216.ИНН не найден: 2004436-* ТАШ ВИЛОЯТ ЙУЛ САНОАТ КОРХОНАСИ
217.ИНН не найден: 565248975 ТАШКЕНТ АЭРОПОРТ
218.ИНН не найден: 563245185 ТАШКЕНТ ЁГ МОЙ ст ХАМЗА
219.ИНН не найден: 563321455 ТОШКЕНТ ШАХАР  ЭЛЕКТР ТАРМОКЛАРИ ст ХАМЗА
220.ИНН не найден: 563245964 ТТ ВА БШК ст КАССАН
221.ИНН не найден: 455326647 ТТ ВА БШК ст БУХАРА-2
222.ИНН не найден: 563246578 УДП УСТЮРТГАЗ чт КУНГРАД
223.ИНН не найден: 563997845 УЗГАЗОИЛ МЧЖ ст МАРГИЛАН
224.ИНН не найден: 632444565 УП ПАЙВАНДЛАШ КУРИЛИШ МОНТАЖ ст РАХИМОВА
225.ИНН не найден: 567999874 УРГЕНЧ ЁГ МОЙ ст УРГЕНЧ
226.ИНН не найден: 666325458 ПИРНИХОЗ ЖАЙХУН СЕРВИС
227.ИНН не найден: 659987458 УСТЮРТТСКАЯ УБР ст КУНГИРОД
228.ИНН не найден: 987896878 УЯ 64/32 ст ПАП
229.ИНН не найден: 96547895 ФАРГОНА НЕФТ ИНВЕСТ МЧЖ
230.ИНН не найден: 965478987 ФЕЙТИНГ МЧЖ
231.ИНН не найден: 958632114 ФАРГОНА ТТ ВА БШК ст КАКИР
232.ИНН не найден: 654789547 ФАРГОНА ТТ ВА БШК ст АССАКА
233.ИНН не найден: 204533201 ЧИРЧИК АБЗ ст БОЗ-СУ
234.ИНН не найден: 201522202 Шаркий магистрал электр тармоклари
235.ИНН не найден: 20152203 ЭКО ФОРМАТ МЧЖ ст АХУНБАБАЕВА
236.ИНН не найден: 20152204 ООО НЕФТЕГАЗМОНТАЖ ст ЭЛИККАЛА
237.ИНН не найден: 20152205 ЮГГАСТРОЙ ОАЖ ст АЛТЫ АРЫК
238.ИНН не найден: 201533206 ДЭУ ТЕКСТИЛЬ ст ФЕРГАНА
239.ИНН не найден: 204533205 ЭКСТРОСТАНДАРД ОИЛ ст ЧУКУРСОЙ
240.ИНН не найден: 236589888 В/ЧАСТЬ  01041
241.ИНН не найден: 232323232 КУНГРАД НЕФТЕБАЗА  ФИЛИАЛ
242.ИНН не найден: 254898777 В/ЧАСТЬ 19950
243.ИНН не найден: 25987854 В/ЧАСТЬ  01283
244.ИНН не найден: 200610555 КАРАТАУ НЕФТЕБАЗА СТ.КАРАУЗЯК
245.ИНН не найден: 515639755 ЧП РАХИМОВА ДИЛФУЗА
246.ИНН не найден: 532478974 ХАНКИ НЕФТЕБАЗА филиал
247.ИНН не найден: 252653244 ЧИМБАЙ НЕФТЕБАЗА  ФИЛИАЛ
248.ИНН не найден: 265895622 КАРАОЗЕК МЧЖ "ККРАСИТАС"
249.ИНН не найден: 323252125 ЗИЁВВУДИН НЕФТЕБАЗА
250.ИНН не найден: 301254558 ЗИРАБУЛАК НЕФТЕБАЗА
251.ИНН не найден: 361500763 CENTRAL ASIA PETROLEUM TECHNOLOGY CO.LTD
252.ИНН не найден: 454565561 УП НЕФТЕГАЗАВТОТРАНСХИЗМАТ ОАО БГПС ст КАГАН
253.ИНН не найден: 200121212 СЕРГИЛИ ДП"УРТА ОСИЁ ТРАНС ШАРК
254.ИНН не найден: 632468794 ДЖАМБАЙ НЕФТЕБАЗА  филиал
255.ИНН не найден: 639789453 МАРАКАНД ПАХТА САНОАТ ХОАБ ст МАРАКАНД
256.ИНН не найден: 111458795 КИЗИЛ ТЕПО ПАХТА ТОЗАЛАШ ОАЖ
257.ИНН не найден: 556632465 ШАВАТ НЕФТЕБАЗА филиал
258.ИНН не найден: 698878954 КИТАБ НЕФТЕБАЗА филиал
259.ИНН не найден: 631488895 ГУЗАР НЕФТЕБАЗА филиал
260.ИНН не найден: 566489732 БЕРУНИЙ ЕГГАР ст ЭЛЛИККАЛЪА
261.ИНН не найден: 987898745 СУРХАН ОЗИК ОВКАТ САНОАТИ ст ДЕНАУ
262.ИНН не найден: 361500744 ФАР ПАХТА САНОАТ ТРАНС СЕРВИС ст КАКИР
263.ИНН не найден: 361500764 ХАТИРЧИ НЕФТЕБАЗА филиал
264.ИНН не найден: 361500765 НАВОИ АЗОТ ст. Тинчлик
265.ИНН не найден: 895574786 ГУЛИСТОН ЕГ ЭКСТРАТ ст ГУЛИСТОН
266.ИНН не найден: 213254798 ОЛТИНСОЙ НЕФТЕБАЗА филиал
267.ИНН не найден: 36100765 МАСЛОЖИРКОМБИНАТ
268.ИНН не найден: 361500766 КУВАСАЙ КВАРЦ АЖ ст КУВАСАЙ
269.ИНН не найден: 361500767 УЧКУРГАН МЭЗ
270.ИНН не найден: 351100680 КУВАСОЙ ЦЕМЕНТ ст КУВАСАЙ
271.ИНН не найден: 351300680 ОАО ТРЕСТ ГОРДОСТРОЙРЕМОНТ ст СЕРГЕЛИ
272.ИНН не найден: 351300681 ОРИГИНАЛ КОЛОР МИКС МЧЖ
273.ИНН не найден: 361200725 ТОШКЕНТ ШАХАР ЭЛЕКТР ТАРМОКЛАРИ  ст ЯЛАНГАЧ
274.ИНН не найден: 651212452 ФАРГОНА  МЖК ст АХУНБАБАЕВО
275.ИНН не найден: 956245687 ВОДИЙ ЛОЙИХА СЕРВИС МЧЖ ст КИРГИЛИ
276.ИНН не найден: 362500747 КОМБИНАТ ОЗОДЛИК ст БУЛУНГУР
277.ИНН не найден: 361000754 В/ЧАСТЬ 08366
278.ИНН не найден: 361500754 В/ЧАСТЬ 01041
279.ИНН не найден: 362500797 В/ЧАСТЬ 15473
280.ИНН не найден: 362500670 В/ЧАСТЬ 08918
281.ИНН не найден: 361500757 Шуртан ГХК ст КЕНГСАЙ
282.ИНН не найден: 36100787 БУСТОН ОЛАМИ ст ДЖИЗАХ
283.ИНН не найден: 200343225 ДАШТАБАД НЕФТЕБАЗА филиал
284.ИНН не найден: 36200652 НУРЛИ ДОН МЧЖ ст ДУСТЛИК
285.ИНН не найден: 562231458 НЕФТЕГАЗМОНТАЖ МЧЖ
286.ИНН не найден: 563212332 МУБАРЕК ТТ ВА БШК ст СЕРНЫЙ ЗАВОД
287.ИНН не найден: 456321458 СП УЗБАТ ст САМАРКАНД
288.ИНН не найден: 204583147 СКЛАД ТОПЛИВО ст.ДЖИЗАК
289.ИНН не найден: 204583148 УЗМЕТКОМБИНАТ ст.БЕКАБАД
290.ИНН не найден: 645414040 ООО ЭНЕРГОМАШЭКСПОРТ
291.ИНН не найден: 361600729 ТТ ВА БШК
292.ИНН не найден: 361600773 ЛАМА СТАНДАРТ ст ТАШКЕНТ УТЙ
293.ИНН не найден: 351500715 КОЛОР ГОЛД ВАЛИЙ ст АХУНБАБАЕВ
294.ИНН не найден: 351600648 РАНГЛИ БУЕК СЕРВИЗ МЧЖ ст МАРГИЛАН
295.ИНН не найден: 361700774 АСАКА ЁГ ОАЖ
296.ИНН не найден: 204730700 ООО УЗГАЗОИЛ ст, АНДИЖАН 2
297.ИНН не найден: 254789652 ЧП "BLACK OIL " ст. СЕРГЕЛИ
298.ИНН не найден: 458975623 ФОРИШСКАЯ НЕФТЕБАЗА  ст. ЧИМ КУРГАН
299.ИНН не найден: 569845872 ЛАЛМИКОР НЕФТЕБАЗА ст.  МАРЖОНБУЛАК
300.ИНН не найден: 351500779 НАВОИ ст НАВОИ

24.08.2021 07:03:56 Скрипт отработал успешно!!!
